<?xml version="1.0" encoding="UTF-8"?>
<testsuite xmlns:xsi="http://www.w3.org/2001/XMLSchema-instance" xsi:noNamespaceSchemaLocation="https://maven.apache.org/surefire/maven-surefire-plugin/xsd/surefire-test-report-3.0.xsd" version="3.0" name="com.example.bank.controller.AccountControllerTest" time="4.175" tests="4" errors="0" skipped="0" failures="0">
  <properties>
[...]
</properties>
  <testcase name="testCreateAccount_Failure_NullAccount" classname="com.example.bank.controller.AccountControllerTest" time="2.722">
    <system-out><![CDATA[[15:55:24] &amp#27;[33mWARN &amp#27;[m AccountControllerTest - testCreateAccount_Failure_NullAccount completed; null account correctly rejected
]]></system-out>
    <system-err><![CDATA[WARNING: A Java agent has been loaded dynamically (C:\Users\Bhara\.m2\repository\net\bytebuddy\byte-buddy-agent\1.14.15\byte-buddy-agent-1.14.15.jar)
WARNING: If a serviceability tool is in use, please run with -XX:+EnableDynamicAgentLoading to hide this warning
WARNING: If a serviceability tool is not in use, please run with -Djdk.instrument.traceUsage for more information
WARNING: Dynamic loading of agents will be disallowed by default in a future release
]]></system-err>
  </testcase>
  <testcase name="testCreateAccount_Success" classname="com.example.bank.controller.AccountControllerTest" time="0.054">
    <system-out><![CDATA[[15:55:24] &amp#27;[32mINFO &amp#27;[m AccountController - Account created Successfully.
[15:55:24] &amp#27;[32mINFO &amp#27;[m AccountControllerTest - testCreateAccount_Success completed successfully
]]></system-out>
  </testcase>
  <testcase name="testGetAccount_Failure_NotFound" classname="com.example.bank.controller.AccountControllerTest" time="0.024">
    <system-out><![CDATA[[15:55:24] &amp#27;[32mINFO &amp#27;[m AccountController - Fetching Account with Account number: 111111
[15:55:24] &amp#27;[33mWARN &amp#27;[m AccountController - No Account found with account number:111111
[15:55:24] &amp#27;[33mWARN &amp#27;[m AccountControllerTest - testGetAccount_Failure_NotFound completed; account not found as expected
]]></system-out>
  </testcase>
  <testcase name="testGetAccount_Success" classname="com.example.bank.controller.AccountControllerTest" time="0.034">
    <system-out><![CDATA[[15:55:24] &amp#27;[32mINFO &amp#27;[m AccountController - Fetching Account with Account number: 1234567890
[15:55:24] &amp#27;[32mINFO &amp#27;[m AccountControllerTest - testGetAccount_Success completed successfully for account: 1234567890
]]></system-out>
  </testcase>
</testsuite>